<?xml version="1.0" encoding="UTF-8"?>
<!-- Generated by org.testng.reporters.JUnitXMLReporter -->
<testsuite hostname="K-Sabab-L1" name="Default test" tests="3" failures="0" timestamp="17 Oct 2016 11:27:02 GMT" time="34.177" errors="0">
  <testcase name="testMethod01_getServiceList" time="5.381" classname="CardPurchase.GetServiceList"/>
  <testcase name="testMethod02_swipeDown" time="10.375" classname="CardPurchase.GetServiceList"/>
  <testcase name="testMethod03_purcaseCard" time="10.522" classname="CardPurchase.GetServiceList"/>
</testsuite> <!-- Default test -->
